2025-11-21 10:19:10,918 [137324341828480] - ffff
2025-11-21 10:23:27,058 [125917103201152] - ffff
2025-11-21 10:23:27,058 [125917103201152] - ffff
2025-11-21 10:25:49,643 [130559049628544] - ffff
2025-11-21 10:25:49,643 [130559049628544] - ffff
2025-11-21 10:26:46,458 [130679190350720] - ffff
2025-11-21 10:26:46,459 [130679190350720] - ffff
2025-11-21 10:26:46,459 [130679190350720] - gjaojgoogggg
2025-11-21 10:28:25,259 [132903347194752] - ffff
2025-11-21 10:28:25,259 [132903347194752] - fffgagh
2025-11-21 14:29:14,805 [132776919030656] - 读取地图路径为：/data/app/data/jiangning/派出所边界.shp
2025-11-21 14:29:14,817 [132776919030656] - 部分 jiangning 派出所地图数据为：
           DWBM             DWMC    æå±åå                    DJD         DJDBH                                           geometry
0  320115760000  ééæ´¾åºæ  æ±å®åå±  æ±å®åå±ææ¥å®¤  320115330000  POLYGON ((118.64949 31.85125, 118.65043 31.850...
1  320115730000  æ±å®æ´¾åºæ  æ±å®åå±  æ±å®åå±ææ¥å®¤  320115330000  MULTIPOLYGON (((118.57336 31.86609, 118.57237 ...
2  320115720000  éå±±æ´¾åºæ  æ±å®åå±  æ±å®åå±ææ¥å®¤  320115330000  POLYGON ((118.93795 31.71075, 118.93932 31.706...
3  320115540000  æ±¤å±±æ´¾åºæ  æ±å®åå±  æ±å®åå±ææ¥å®¤  320115330000  POLYGON ((119.06989 32.10564, 119.06989 32.103...
4  320115710000  ä¸¹é³æ´¾åºæ  æ±å®åå±  æ±å®åå±ææ¥å®¤  320115330000  POLYGON ((118.68457 31.71367, 118.68947 31.710...
2025-11-21 14:29:14,817 [132776919030656] - 正在对派出所地域数据进行预处理中。。。
2025-11-21 14:29:14,820 [132776919030656] - 原地域数据为的特征为：
Index(['DWBM', 'DWMC', 'æå±åå', 'DJD', 'DJDBH', 'geometry'], dtype='object')
2025-11-21 14:29:14,821 [132776919030656] - Shapefile 加载和编码错误 已经完成。。。
2025-11-21 14:29:14,831 [132776919030656] - 预处理后的部分地域数据为：
           DWBM   DWMC  所属分局      DJD         DJDBH                                           geometry
0  320115760000  陆郎派出所  江宁分局  江宁分局指挥室  320115330000  POLYGON ((118.64949 31.85125, 118.65043 31.850...
1  320115730000  江宁派出所  江宁分局  江宁分局指挥室  320115330000  MULTIPOLYGON (((118.57336 31.86609, 118.57237 ...
2  320115720000  铜山派出所  江宁分局  江宁分局指挥室  320115330000  POLYGON ((118.93795 31.71075, 118.93932 31.706...
3  320115540000  汤山派出所  江宁分局  江宁分局指挥室  320115330000  POLYGON ((119.06989 32.10564, 119.06989 32.103...
4  320115710000  丹阳派出所  江宁分局  江宁分局指挥室  320115330000  POLYGON ((118.68457 31.71367, 118.68947 31.710...
2025-11-21 14:29:14,831 [132776919030656] - 派出所地域数据预处理完成。。。
2025-11-21 14:29:14,831 [132776919030656] - 正在根据访客经纬度判断处于哪一个派出所中。。。
2025-11-21 14:29:14,852 [132776919030656] - 根据时间 0-6 筛选出的访客部分数据为：
         phone        lng       lat          start_date            end_date   duration  hour
0   1806884823  118.97069  31.86615 2025-11-20 05:44:44 2025-11-20 05:59:49  15.083333     5
1  13452422555  118.60369  31.90747 2025-11-20 05:44:44 2025-11-20 05:59:49  15.083333     5
2025-11-21 14:29:14,862 [132776919030656] - 访客经纬度数据转化为gdf的部分数据为：
         phone        lng       lat          start_date            end_date   duration  hour                    geometry
0   1806884823  118.97069  31.86615 2025-11-20 05:44:44 2025-11-20 05:59:49  15.083333     5  POINT (118.97069 31.86615)
1  13452422555  118.60369  31.90747 2025-11-20 05:44:44 2025-11-20 05:59:49  15.083333     5  POINT (118.60369 31.90747)
2025-11-21 14:29:14,882 [132776919030656] - 根据访客经纬度匹配出派出所的位置的部分数据为：
         phone        lng       lat          start_date            end_date  ...          DWBM   DWMC  所属分局      DJD         DJDBH
0   1806884823  118.97069  31.86615 2025-11-20 05:44:44 2025-11-20 05:59:49  ...  320115530000  湖熟派出所  江宁分局  江宁分局指挥室  320115330000
1  13452422555  118.60369  31.90747 2025-11-20 05:44:44 2025-11-20 05:59:49  ...  320115730000  江宁派出所  江宁分局  江宁分局指挥室  320115330000

[2 rows x 14 columns]
2025-11-21 14:29:14,891 [132776919030656] - 访客常驻匹配出的派出所位置的部分数据为：
         phone   DWMC
0   1806884823  湖熟派出所
1  13452422555  江宁派出所
2025-11-21 14:29:14,891 [132776919030656] - 判断访客所处派出所已经完成。。。
2025-11-21 17:33:20,184 [136009883966336] - 从历史访客等级数据库拉取的时间为 2025-11-10 到 2025-11-20 ，地点为 jiangning 的数据
2025-11-21 17:33:20,185 [136009883966336] - 正在尝试连接数据库中。。。
2025-11-21 17:33:20,185 [136009883966336] - 数据库的主机地址为：('192.168.1.81',)
2025-11-21 17:33:20,185 [136009883966336] - 数据库的用户名为：('root',)
2025-11-21 17:33:20,185 [136009883966336] - 连接数据库中所要调用的数据库为：('sql_1',)
2025-11-21 17:33:20,185 [136009883966336] - 在连接数据库时出现：'tuple' object has no attribute 'strip'！！！
2025-11-21 17:35:42,783 [130051473898368] - 从历史访客等级数据库拉取的时间为 2025-11-10 到 2025-11-20 ，地点为 jiangning 的数据
2025-11-21 17:35:42,784 [130051473898368] - 正在尝试连接数据库中。。。
2025-11-21 17:35:42,784 [130051473898368] - 数据库的主机地址为：('192.168.1.81',)
2025-11-21 17:35:42,784 [130051473898368] - 数据库的用户名为：('root',)
2025-11-21 17:35:42,784 [130051473898368] - 连接数据库中所要调用的数据库为：('sql_1',)
2025-11-21 17:40:39,130 [128137064364928] - 从历史访客等级数据库拉取的时间为 2025-11-10 到 2025-11-20 ，地点为 jiangning 的数据
2025-11-21 17:40:39,130 [128137064364928] - 正在尝试连接数据库中。。。
2025-11-21 17:40:39,130 [128137064364928] - 数据库的主机地址为：('127.0.0.1',)
2025-11-21 17:40:39,130 [128137064364928] - 数据库的用户名为：('root',)
2025-11-21 17:40:39,130 [128137064364928] - 连接数据库中所要调用的数据库为：('sql_1',)
2025-11-21 17:45:11,722 [134419631348608] - 从历史访客等级数据库拉取的时间为 2025-11-10 到 2025-11-20 ，地点为 jiangning 的数据
2025-11-21 17:45:11,722 [134419631348608] - 正在尝试连接数据库中。。。
2025-11-21 17:45:11,722 [134419631348608] - 数据库的主机地址为：127.0.0.1
2025-11-21 17:45:11,722 [134419631348608] - 数据库的用户名为：root
2025-11-21 17:45:11,722 [134419631348608] - 连接数据库中所要调用的数据库为：sql_1
2025-11-21 17:45:32,781 [136175838960512] - 从历史访客等级数据库拉取的时间为 2025-11-10 到 2025-11-20 ，地点为 jiangning 的数据
2025-11-21 17:45:32,782 [136175838960512] - 正在尝试连接数据库中。。。
2025-11-21 17:45:32,782 [136175838960512] - 数据库的主机地址为：192.168.1.81
2025-11-21 17:45:32,782 [136175838960512] - 数据库的用户名为：root
2025-11-21 17:45:32,782 [136175838960512] - 连接数据库中所要调用的数据库为：sql_1
2025-12-08 10:47:07,101 [124280759585664] - 读取地图路径为：/data/app/data/jiangning/派出所边界.shp
2025-12-08 10:47:07,113 [124280759585664] - 部分 jiangning 派出所地图数据为：
           DWBM             DWMC    æå±åå                    DJD         DJDBH                                           geometry
0  320115760000  ééæ´¾åºæ  æ±å®åå±  æ±å®åå±ææ¥å®¤  320115330000  POLYGON ((118.64949 31.85125, 118.65043 31.850...
1  320115730000  æ±å®æ´¾åºæ  æ±å®åå±  æ±å®åå±ææ¥å®¤  320115330000  MULTIPOLYGON (((118.57336 31.86609, 118.57237 ...
2  320115720000  éå±±æ´¾åºæ  æ±å®åå±  æ±å®åå±ææ¥å®¤  320115330000  POLYGON ((118.93795 31.71075, 118.93932 31.706...
3  320115540000  æ±¤å±±æ´¾åºæ  æ±å®åå±  æ±å®åå±ææ¥å®¤  320115330000  POLYGON ((119.06989 32.10564, 119.06989 32.103...
4  320115710000  ä¸¹é³æ´¾åºæ  æ±å®åå±  æ±å®åå±ææ¥å®¤  320115330000  POLYGON ((118.68457 31.71367, 118.68947 31.710...
2025-12-08 10:47:07,113 [124280759585664] - 正在对派出所地域数据进行预处理中。。。
2025-12-08 10:47:07,117 [124280759585664] - 原地域数据为的特征为：
Index(['DWBM', 'DWMC', 'æå±åå', 'DJD', 'DJDBH', 'geometry'], dtype='object')
2025-12-08 10:47:07,117 [124280759585664] - Shapefile 加载和编码错误 已经完成。。。
2025-12-08 10:47:07,128 [124280759585664] - 预处理后的部分地域数据为：
           DWBM   DWMC  所属分局      DJD         DJDBH                                           geometry
0  320115760000  陆郎派出所  江宁分局  江宁分局指挥室  320115330000  POLYGON ((118.64949 31.85125, 118.65043 31.850...
1  320115730000  江宁派出所  江宁分局  江宁分局指挥室  320115330000  MULTIPOLYGON (((118.57336 31.86609, 118.57237 ...
2  320115720000  铜山派出所  江宁分局  江宁分局指挥室  320115330000  POLYGON ((118.93795 31.71075, 118.93932 31.706...
3  320115540000  汤山派出所  江宁分局  江宁分局指挥室  320115330000  POLYGON ((119.06989 32.10564, 119.06989 32.103...
4  320115710000  丹阳派出所  江宁分局  江宁分局指挥室  320115330000  POLYGON ((118.68457 31.71367, 118.68947 31.710...
2025-12-08 10:47:07,128 [124280759585664] - 派出所地域数据预处理完成。。。
2025-12-08 10:47:07,128 [124280759585664] - 正在根据访客经纬度判断处于哪一个派出所中。。。
2025-12-08 10:47:07,152 [124280759585664] - 根据时间 0-6 筛选出的访客部分数据为：
         phone        lng       lat          start_date            end_date   duration  hour
0   1806884823  118.97069  31.86615 2025-11-20 05:44:44 2025-11-20 05:59:49  15.083333     5
1  13452422555  118.60369  31.90747 2025-11-20 05:44:44 2025-11-20 05:59:49  15.083333     5
2    134522555  168.60369  36.90747 2025-11-20 05:44:44 2025-11-20 05:59:49  15.083333     5
2025-12-08 10:47:07,162 [124280759585664] - 访客经纬度数据转化为gdf的部分数据为：
         phone        lng       lat          start_date            end_date   duration  hour                    geometry
0   1806884823  118.97069  31.86615 2025-11-20 05:44:44 2025-11-20 05:59:49  15.083333     5  POINT (118.97069 31.86615)
1  13452422555  118.60369  31.90747 2025-11-20 05:44:44 2025-11-20 05:59:49  15.083333     5  POINT (118.60369 31.90747)
2    134522555  168.60369  36.90747 2025-11-20 05:44:44 2025-11-20 05:59:49  15.083333     5  POINT (168.60369 36.90747)
2025-12-08 10:47:07,184 [124280759585664] - 根据访客经纬度匹配出派出所的位置的部分数据为：
         phone        lng       lat          start_date            end_date  ...          DWBM   DWMC  所属分局      DJD         DJDBH
0   1806884823  118.97069  31.86615 2025-11-20 05:44:44 2025-11-20 05:59:49  ...  320115530000  湖熟派出所  江宁分局  江宁分局指挥室  320115330000
1  13452422555  118.60369  31.90747 2025-11-20 05:44:44 2025-11-20 05:59:49  ...  320115730000  江宁派出所  江宁分局  江宁分局指挥室  320115330000
2    134522555  168.60369  36.90747 2025-11-20 05:44:44 2025-11-20 05:59:49  ...           NaN    NaN   NaN      NaN           NaN

[3 rows x 14 columns]
2025-12-08 10:47:07,193 [124280759585664] - 访客常驻匹配出的派出所位置的部分数据为：
         phone   DWMC
0   1806884823  湖熟派出所
1  13452422555  江宁派出所
2025-12-08 10:47:07,193 [124280759585664] - 判断访客所处派出所已经完成。。。
2025-12-08 11:02:25,844 [127764800936832] - 读取地图路径为：/data/app/data/jiangning/派出所边界.shp
2025-12-08 11:02:25,856 [127764800936832] - 部分 jiangning 派出所地图数据为：
           DWBM             DWMC    æå±åå                    DJD         DJDBH                                           geometry
0  320115760000  ééæ´¾åºæ  æ±å®åå±  æ±å®åå±ææ¥å®¤  320115330000  POLYGON ((118.64949 31.85125, 118.65043 31.850...
1  320115730000  æ±å®æ´¾åºæ  æ±å®åå±  æ±å®åå±ææ¥å®¤  320115330000  MULTIPOLYGON (((118.57336 31.86609, 118.57237 ...
2  320115720000  éå±±æ´¾åºæ  æ±å®åå±  æ±å®åå±ææ¥å®¤  320115330000  POLYGON ((118.93795 31.71075, 118.93932 31.706...
3  320115540000  æ±¤å±±æ´¾åºæ  æ±å®åå±  æ±å®åå±ææ¥å®¤  320115330000  POLYGON ((119.06989 32.10564, 119.06989 32.103...
4  320115710000  ä¸¹é³æ´¾åºæ  æ±å®åå±  æ±å®åå±ææ¥å®¤  320115330000  POLYGON ((118.68457 31.71367, 118.68947 31.710...
2025-12-08 11:02:25,856 [127764800936832] - 正在对派出所地域数据进行预处理中。。。
2025-12-08 11:02:25,860 [127764800936832] - 原地域数据为的特征为：
Index(['DWBM', 'DWMC', 'æå±åå', 'DJD', 'DJDBH', 'geometry'], dtype='object')
2025-12-08 11:02:25,860 [127764800936832] - Shapefile 加载和编码错误 已经完成。。。
2025-12-08 11:02:25,873 [127764800936832] - 预处理后的部分地域数据为：
           DWBM   DWMC  所属分局      DJD         DJDBH                                           geometry
0  320115760000  陆郎派出所  江宁分局  江宁分局指挥室  320115330000  POLYGON ((118.64949 31.85125, 118.65043 31.850...
1  320115730000  江宁派出所  江宁分局  江宁分局指挥室  320115330000  MULTIPOLYGON (((118.57336 31.86609, 118.57237 ...
2  320115720000  铜山派出所  江宁分局  江宁分局指挥室  320115330000  POLYGON ((118.93795 31.71075, 118.93932 31.706...
3  320115540000  汤山派出所  江宁分局  江宁分局指挥室  320115330000  POLYGON ((119.06989 32.10564, 119.06989 32.103...
4  320115710000  丹阳派出所  江宁分局  江宁分局指挥室  320115330000  POLYGON ((118.68457 31.71367, 118.68947 31.710...
2025-12-08 11:02:25,873 [127764800936832] - 派出所地域数据预处理完成。。。
2025-12-08 11:02:25,873 [127764800936832] - 正在根据访客经纬度判断处于哪一个派出所中。。。
2025-12-08 11:02:25,894 [127764800936832] - 根据时间 0-6 筛选出的访客部分数据为：
         phone        lng       lat          start_date            end_date   duration  hour
0   1806884823  118.97069  31.86615 2025-11-20 05:44:44 2025-11-20 05:59:49  15.083333     5
1  13452422555  118.60369  31.90747 2025-11-20 05:44:44 2025-11-20 05:59:49  15.083333     5
2    134522555  168.60369  36.90747 2025-11-20 05:44:44 2025-11-20 05:59:49  15.083333     5
2025-12-08 11:02:25,905 [127764800936832] - 访客经纬度数据转化为gdf的部分数据为：
         phone        lng       lat          start_date            end_date   duration  hour                    geometry
0   1806884823  118.97069  31.86615 2025-11-20 05:44:44 2025-11-20 05:59:49  15.083333     5  POINT (118.97069 31.86615)
1  13452422555  118.60369  31.90747 2025-11-20 05:44:44 2025-11-20 05:59:49  15.083333     5  POINT (118.60369 31.90747)
2    134522555  168.60369  36.90747 2025-11-20 05:44:44 2025-11-20 05:59:49  15.083333     5  POINT (168.60369 36.90747)
2025-12-08 11:02:25,927 [127764800936832] - 根据访客经纬度匹配出派出所的位置的部分数据为：
         phone        lng       lat          start_date            end_date  ...          DWBM   DWMC  所属分局      DJD         DJDBH
0   1806884823  118.97069  31.86615 2025-11-20 05:44:44 2025-11-20 05:59:49  ...  320115530000  湖熟派出所  江宁分局  江宁分局指挥室  320115330000
1  13452422555  118.60369  31.90747 2025-11-20 05:44:44 2025-11-20 05:59:49  ...  320115730000  江宁派出所  江宁分局  江宁分局指挥室  320115330000
2    134522555  168.60369  36.90747 2025-11-20 05:44:44 2025-11-20 05:59:49  ...           NaN    NaN   NaN      NaN           NaN

[3 rows x 14 columns]
2025-12-08 11:02:25,936 [127764800936832] - 访客常驻匹配出的派出所位置的部分数据为：
         phone   DWMC
0   1806884823  湖熟派出所
1  13452422555  江宁派出所
2025-12-08 11:02:25,937 [127764800936832] - 判断访客所处派出所已经完成。。。
