2025-12-08 18:26:41,156 [140440687221632] - 正在启动定时任务中。。。
2025-12-08 18:26:46,148 [140437748713152] - 现在的时间为： 2025-12-08 18:26:46.148145
2025-12-08 18:26:46,148 [140437748713152] - 正在等待新增文件中。。。
2025-12-08 18:26:46,150 [140437738227392] - 正在读取数据中，其路径为：/data/app/input/test.csv
2025-12-08 18:26:46,150 [140437748713152] - [发现] 新增 1 个文件，已提交处理
2025-12-08 18:26:46,171 [140437738227392] - 数据读取成功，部分数据为：
         phone        lng       lat      start_date        end_date  duration
0   1806884823  118.97069  31.86615  20251120054444  20251120055949        60
1  13452422555  118.60369  31.90747  20251120054444  20251120055949        70
2    134522555  168.60369  36.90747  20251120054444  20251120055949        70
2025-12-08 18:26:46,171 [140437738227392] - 正在从数据库中拉取地点：jiangning  基础日期：20251208 的数据中。。。
2025-12-08 18:26:46,172 [140437738227392] - 从数据库中获取访客历史数据完成。。。
2025-12-08 18:26:46,172 [140437738227392] - 正在根据历史数据对访客进行分析中。。。
2025-12-08 18:26:46,172 [140437738227392] - 根据历史数据对访客进行分级完成。。。
2025-12-08 18:26:46,172 [140437738227392] - 正在根据实时数据对访客进行分级中。。。
2025-12-08 18:26:46,172 [140437738227392] - 根据实时数据对访客进行分级完成。。。
2025-12-08 18:26:46,172 [140437738227392] - 正在根据历史访客数据分级结果 和 实时访客数据分级结果 进行分级中。。。 
2025-12-08 18:26:46,172 [140437738227392] - 
2025-12-08 18:26:46,174 [140437738227392] - 正在根据访客的经纬度，获取其当地所在的派出所中。。。
2025-12-08 18:26:46,238 [140437738227392] - 读取地图路径为：/data/app/data/jiangning/派出所边界.shp
2025-12-08 18:26:46,249 [140437738227392] - 部分 jiangning 派出所地图数据为：
           DWBM             DWMC    æå±åå                    DJD         DJDBH                                           geometry
0  320115760000  ééæ´¾åºæ  æ±å®åå±  æ±å®åå±ææ¥å®¤  320115330000  POLYGON ((118.64949 31.85125, 118.65043 31.850...
1  320115730000  æ±å®æ´¾åºæ  æ±å®åå±  æ±å®åå±ææ¥å®¤  320115330000  MULTIPOLYGON (((118.57336 31.86609, 118.57237 ...
2  320115720000  éå±±æ´¾åºæ  æ±å®åå±  æ±å®åå±ææ¥å®¤  320115330000  POLYGON ((118.93795 31.71075, 118.93932 31.706...
3  320115540000  æ±¤å±±æ´¾åºæ  æ±å®åå±  æ±å®åå±ææ¥å®¤  320115330000  POLYGON ((119.06989 32.10564, 119.06989 32.103...
4  320115710000  ä¸¹é³æ´¾åºæ  æ±å®åå±  æ±å®åå±ææ¥å®¤  320115330000  POLYGON ((118.68457 31.71367, 118.68947 31.710...
2025-12-08 18:26:46,249 [140437738227392] - 正在对派出所地域数据进行预处理中。。。
2025-12-08 18:26:46,252 [140437738227392] - 原地域数据为的特征为：
Index(['DWBM', 'DWMC', 'æå±åå', 'DJD', 'DJDBH', 'geometry'], dtype='object')
2025-12-08 18:26:46,253 [140437738227392] - Shapefile 加载和编码错误 已经完成。。。
2025-12-08 18:26:46,263 [140437738227392] - 预处理后的部分地域数据为：
           DWBM   DWMC  所属分局      DJD         DJDBH                                           geometry
0  320115760000  陆郎派出所  江宁分局  江宁分局指挥室  320115330000  POLYGON ((118.64949 31.85125, 118.65043 31.850...
1  320115730000  江宁派出所  江宁分局  江宁分局指挥室  320115330000  MULTIPOLYGON (((118.57336 31.86609, 118.57237 ...
2  320115720000  铜山派出所  江宁分局  江宁分局指挥室  320115330000  POLYGON ((118.93795 31.71075, 118.93932 31.706...
3  320115540000  汤山派出所  江宁分局  江宁分局指挥室  320115330000  POLYGON ((119.06989 32.10564, 119.06989 32.103...
4  320115710000  丹阳派出所  江宁分局  江宁分局指挥室  320115330000  POLYGON ((118.68457 31.71367, 118.68947 31.710...
2025-12-08 18:26:46,263 [140437738227392] - 派出所地域数据预处理完成。。。
2025-12-08 18:26:46,264 [140437738227392] - 正在根据访客经纬度判断处于哪一个派出所中。。。
2025-12-08 18:26:46,286 [140437738227392] - 根据时间 0-6 筛选出的访客部分数据为：
         phone        lng       lat          start_date            end_date   duration  hour
0   1806884823  118.97069  31.86615 2025-11-20 05:44:44 2025-11-20 05:59:49  15.083333     5
1  13452422555  118.60369  31.90747 2025-11-20 05:44:44 2025-11-20 05:59:49  15.083333     5
2    134522555  168.60369  36.90747 2025-11-20 05:44:44 2025-11-20 05:59:49  15.083333     5
2025-12-08 18:26:46,296 [140437738227392] - 访客经纬度数据转化为gdf的部分数据为：
         phone        lng       lat          start_date            end_date   duration  hour                    geometry
0   1806884823  118.97069  31.86615 2025-11-20 05:44:44 2025-11-20 05:59:49  15.083333     5  POINT (118.97069 31.86615)
1  13452422555  118.60369  31.90747 2025-11-20 05:44:44 2025-11-20 05:59:49  15.083333     5  POINT (118.60369 31.90747)
2    134522555  168.60369  36.90747 2025-11-20 05:44:44 2025-11-20 05:59:49  15.083333     5  POINT (168.60369 36.90747)
2025-12-08 18:26:46,318 [140437738227392] - 根据访客经纬度匹配出派出所的位置的部分数据为：
         phone        lng       lat          start_date            end_date  ...          DWBM   DWMC  所属分局      DJD         DJDBH
0   1806884823  118.97069  31.86615 2025-11-20 05:44:44 2025-11-20 05:59:49  ...  320115530000  湖熟派出所  江宁分局  江宁分局指挥室  320115330000
1  13452422555  118.60369  31.90747 2025-11-20 05:44:44 2025-11-20 05:59:49  ...  320115730000  江宁派出所  江宁分局  江宁分局指挥室  320115330000
2    134522555  168.60369  36.90747 2025-11-20 05:44:44 2025-11-20 05:59:49  ...           NaN    NaN   NaN      NaN           NaN

[3 rows x 14 columns]
2025-12-08 18:26:46,327 [140437738227392] - 访客常驻匹配出的派出所位置的部分数据为：
         phone   DWMC
0   1806884823  湖熟派出所
1  13452422555  江宁派出所
2025-12-08 18:26:46,327 [140437738227392] - 判断访客所处派出所已经完成。。。
2025-12-08 18:26:46,337 [140437738227392] - 成功获取到访客所处于的派出所，其部分数据为：
         phone        lng       lat      start_date        end_date  duration       DWMC
0   1806884823  118.97069  31.86615  20251120054444  20251120055949        60      湖熟派出所
1  13452422555  118.60369  31.90747  20251120054444  20251120055949        70      江宁派出所
2    134522555  168.60369  36.90747  20251120054444  20251120055949        70  未匹配出所处派出所
2025-12-08 18:26:46,337 [140437738227392] - 正在导出结果文件中。。。
2025-12-08 18:26:46,339 [140437738227392] - 结果文件导出成功，其路径为/data/app/output/testres.csv
2025-12-08 18:26:46,339 [140437738227392] - 这一批的数据任务处理已经处理完成·······
2025-12-08 18:26:51,147 [140437748713152] - 现在的时间为： 2025-12-08 18:26:51.147764
2025-12-08 18:26:51,148 [140437748713152] - 正在等待新增文件中。。。
2025-12-08 18:26:51,149 [140437748713152] - [空闲] 无新文件
2025-12-08 18:26:56,147 [140437748713152] - 现在的时间为： 2025-12-08 18:26:56.147648
2025-12-08 18:26:56,148 [140437748713152] - 正在等待新增文件中。。。
2025-12-08 18:26:56,149 [140437748713152] - [空闲] 无新文件
2025-12-08 18:27:01,147 [140437748713152] - 现在的时间为： 2025-12-08 18:27:01.147689
2025-12-08 18:27:01,148 [140437748713152] - 正在等待新增文件中。。。
2025-12-08 18:27:01,149 [140437748713152] - [空闲] 无新文件
2025-12-08 18:27:06,147 [140437748713152] - 现在的时间为： 2025-12-08 18:27:06.147587
2025-12-08 18:27:06,148 [140437748713152] - 正在等待新增文件中。。。
2025-12-08 18:27:06,148 [140437748713152] - [空闲] 无新文件
2025-12-08 18:27:11,147 [140437748713152] - 现在的时间为： 2025-12-08 18:27:11.147663
2025-12-08 18:27:11,148 [140437748713152] - 正在等待新增文件中。。。
2025-12-08 18:27:11,148 [140437748713152] - [空闲] 无新文件
2025-12-08 18:27:16,147 [140437748713152] - 现在的时间为： 2025-12-08 18:27:16.147695
2025-12-08 18:27:16,148 [140437748713152] - 正在等待新增文件中。。。
2025-12-08 18:27:16,148 [140437748713152] - [空闲] 无新文件
2025-12-08 18:27:21,147 [140437748713152] - 现在的时间为： 2025-12-08 18:27:21.147668
2025-12-08 18:27:21,148 [140437748713152] - 正在等待新增文件中。。。
2025-12-08 18:27:21,148 [140437748713152] - [空闲] 无新文件
2025-12-08 18:27:26,147 [140437748713152] - 现在的时间为： 2025-12-08 18:27:26.147669
2025-12-08 18:27:26,148 [140437748713152] - 正在等待新增文件中。。。
2025-12-08 18:27:26,149 [140437748713152] - [空闲] 无新文件
2025-12-08 18:27:31,147 [140437748713152] - 现在的时间为： 2025-12-08 18:27:31.147644
2025-12-08 18:27:31,148 [140437748713152] - 正在等待新增文件中。。。
2025-12-08 18:27:31,149 [140437748713152] - [空闲] 无新文件
2025-12-08 18:27:36,147 [140437748713152] - 现在的时间为： 2025-12-08 18:27:36.147660
2025-12-08 18:27:36,148 [140437748713152] - 正在等待新增文件中。。。
2025-12-08 18:27:36,149 [140437748713152] - [空闲] 无新文件
2025-12-08 18:27:41,147 [140437748713152] - 现在的时间为： 2025-12-08 18:27:41.147634
2025-12-08 18:27:41,148 [140437748713152] - 正在等待新增文件中。。。
2025-12-08 18:27:41,149 [140437748713152] - [空闲] 无新文件
2025-12-08 18:27:46,147 [140437748713152] - 现在的时间为： 2025-12-08 18:27:46.147661
2025-12-08 18:27:46,148 [140437748713152] - 正在等待新增文件中。。。
2025-12-08 18:27:46,149 [140437748713152] - [空闲] 无新文件
2025-12-08 18:27:51,147 [140437748713152] - 现在的时间为： 2025-12-08 18:27:51.147569
2025-12-08 18:27:51,148 [140437748713152] - 正在等待新增文件中。。。
2025-12-08 18:27:51,149 [140437748713152] - [空闲] 无新文件
