2025-12-12 18:26:41,326 [123635426175872] - 正在启动定时任务中。。。
2025-12-12 18:27:53,514 [123312126704512] - 正在启动定时任务中。。。
2025-12-12 18:27:58,507 [123309213615808] - 现在的时间为：2025-12-12 18:27:58.506920
2025-12-12 18:27:58,507 [123309213615808] - 正在等待新增文件中。。。
2025-12-12 18:27:58,508 [123309213615808] - [空闲] 无符合条件的新文件（需同时存在 .csv 和 .csvOK）
2025-12-12 18:28:03,506 [123309213615808] - 现在的时间为：2025-12-12 18:28:03.506067
2025-12-12 18:28:03,506 [123309213615808] - 正在等待新增文件中。。。
2025-12-12 18:28:03,507 [123309213615808] - [空闲] 无符合条件的新文件（需同时存在 .csv 和 .csvOK）
2025-12-12 18:28:08,506 [123309213615808] - 现在的时间为：2025-12-12 18:28:08.505965
2025-12-12 18:28:08,506 [123309213615808] - 正在等待新增文件中。。。
2025-12-12 18:28:08,507 [123309213615808] - [空闲] 无符合条件的新文件（需同时存在 .csv 和 .csvOK）
2025-12-12 18:28:13,506 [123309213615808] - 现在的时间为：2025-12-12 18:28:13.506020
2025-12-12 18:28:13,506 [123309213615808] - 正在等待新增文件中。。。
2025-12-12 18:28:13,507 [123309213615808] - [空闲] 无符合条件的新文件（需同时存在 .csv 和 .csvOK）
2025-12-12 18:28:18,506 [123309213615808] - 现在的时间为：2025-12-12 18:28:18.505964
2025-12-12 18:28:18,507 [123309213615808] - 正在等待新增文件中。。。
2025-12-12 18:28:18,507 [123309213615808] - [空闲] 无符合条件的新文件（需同时存在 .csv 和 .csvOK）
2025-12-12 18:28:23,506 [123309213615808] - 现在的时间为：2025-12-12 18:28:23.506384
2025-12-12 18:28:23,507 [123309213615808] - 正在等待新增文件中。。。
2025-12-12 18:28:23,508 [123309213615808] - [空闲] 无符合条件的新文件（需同时存在 .csv 和 .csvOK）
2025-12-12 18:28:28,506 [123309213615808] - 现在的时间为：2025-12-12 18:28:28.506026
2025-12-12 18:28:28,506 [123309213615808] - 正在等待新增文件中。。。
2025-12-12 18:28:28,507 [123309213615808] - [空闲] 无符合条件的新文件（需同时存在 .csv 和 .csvOK）
2025-12-12 18:28:33,506 [123309213615808] - 现在的时间为：2025-12-12 18:28:33.506021
2025-12-12 18:28:33,506 [123309213615808] - 正在等待新增文件中。。。
2025-12-12 18:28:33,507 [123309213615808] - [空闲] 无符合条件的新文件（需同时存在 .csv 和 .csvOK）
2025-12-12 18:28:38,506 [123309213615808] - 现在的时间为：2025-12-12 18:28:38.506021
2025-12-12 18:28:38,506 [123309213615808] - 正在等待新增文件中。。。
2025-12-12 18:28:38,507 [123309213615808] - [空闲] 无符合条件的新文件（需同时存在 .csv 和 .csvOK）
2025-12-12 18:28:43,505 [123309213615808] - 现在的时间为：2025-12-12 18:28:43.505915
2025-12-12 18:28:43,506 [123309213615808] - 正在等待新增文件中。。。
2025-12-12 18:28:43,507 [123309213615808] - [空闲] 无符合条件的新文件（需同时存在 .csv 和 .csvOK）
2025-12-12 18:28:48,505 [123309213615808] - 现在的时间为：2025-12-12 18:28:48.505897
2025-12-12 18:28:48,506 [123309213615808] - 正在等待新增文件中。。。
2025-12-12 18:28:48,507 [123309213615808] - [空闲] 无符合条件的新文件（需同时存在 .csv 和 .csvOK）
2025-12-12 18:28:53,506 [123309213615808] - 现在的时间为：2025-12-12 18:28:53.506031
2025-12-12 18:28:53,506 [123309213615808] - 正在等待新增文件中。。。
2025-12-12 18:28:53,507 [123309213615808] - [空闲] 无符合条件的新文件（需同时存在 .csv 和 .csvOK）
2025-12-12 18:28:58,506 [123309213615808] - 现在的时间为：2025-12-12 18:28:58.505970
2025-12-12 18:28:58,506 [123309213615808] - 正在等待新增文件中。。。
2025-12-12 18:28:58,507 [123309213615808] - [空闲] 无符合条件的新文件（需同时存在 .csv 和 .csvOK）
2025-12-12 18:29:03,506 [123309213615808] - 现在的时间为：2025-12-12 18:29:03.505959
2025-12-12 18:29:03,506 [123309213615808] - 正在等待新增文件中。。。
2025-12-12 18:29:03,507 [123309213615808] - [空闲] 无符合条件的新文件（需同时存在 .csv 和 .csvOK）
2025-12-12 18:29:08,506 [123309213615808] - 现在的时间为：2025-12-12 18:29:08.506070
2025-12-12 18:29:08,506 [123309213615808] - 正在等待新增文件中。。。
2025-12-12 18:29:08,507 [123309213615808] - [空闲] 无符合条件的新文件（需同时存在 .csv 和 .csvOK）
2025-12-12 18:29:13,506 [123309213615808] - 现在的时间为：2025-12-12 18:29:13.506028
2025-12-12 18:29:13,506 [123309213615808] - 正在等待新增文件中。。。
2025-12-12 18:29:13,507 [123309213615808] - [空闲] 无符合条件的新文件（需同时存在 .csv 和 .csvOK）
2025-12-12 18:29:18,506 [123309213615808] - 现在的时间为：2025-12-12 18:29:18.505963
2025-12-12 18:29:18,506 [123309213615808] - 正在等待新增文件中。。。
2025-12-12 18:29:18,508 [123309203130048] - 正在读取数据中，其路径为：/data/output/zhga_szwz_host_real_data/host_real_data_20251212114001.csv
2025-12-12 18:29:18,510 [123309213615808] - [发现] 新增 1 个有效文件对，已提交处理
2025-12-12 18:29:18,543 [123309203130048] - 数据读取成功，部分数据为：
                     0            1                   2       3   4        5        6           7    8    9
0  2025-12-12 11:33:44  18260327386       hl0o7de3w.vip    博彩诈骗  紧急  1000515  1051569  2025-12-12    0  NaN
1  2025-12-12 11:39:36  13862153018         gandina.com  色情博彩引流  中危  1000512  1051208  2025-12-12    0  NaN
2  2025-12-12 11:38:22  15161884575  kingtyodeddawg.xyz    防封系统  低危  1000514  1051471  2025-12-12    0  NaN
3  2025-12-12 11:33:31  18261840051        wo1lc182.vip    招嫖诈骗  低危  1000516  1051634  2025-12-12   46  NaN
4  2025-12-12 11:30:22  13461547701        wo1lc182.vip    招嫖诈骗  低危  1000512  1051203  2025-12-12  293  NaN
2025-12-12 18:29:18,543 [123309203130048] - 正在从数据库中拉取地点：jiangning  基础日期：20251212 的数据中。。。
2025-12-12 18:29:18,543 [123309203130048] - 从数据库中获取访客历史数据完成。。。
2025-12-12 18:29:18,543 [123309203130048] - 正在对访客进行特征提取中。。。
2025-12-12 18:29:18,662 [123309203130048] - 在对访客进行特征提取时出现"['地点'] not in index"！！！
2025-12-12 18:29:18,663 [123309203130048] - 正在根据历史数据对访客进行分析中。。。
2025-12-12 18:29:18,663 [123309203130048] - 在根据历史数据对访客进行分级时出现'区县'！！！
2025-12-12 18:29:18,663 [123309203130048] - 正在提取网信安数据中。。。
2025-12-12 18:29:18,664 [123309203130048] - 在提取网信安数据时出现'手机号'！！！
2025-12-12 18:29:18,664 [123309203130048] - 正在根据实时数据对访客进行分级中。。。
2025-12-12 18:29:18,664 [123309203130048] - 在根据实时数据对访客进行分级时出现：cannot access local variable 'df_anj_dic' where it is not associated with a value！！！
2025-12-12 18:29:18,664 [123309203130048] - 正在根据历史访客数据分级结果 和 实时访客数据分级结果 进行分级中。。。 
2025-12-12 18:29:18,664 [123309203130048] - fff
2025-12-12 18:29:18,664 [123309203130048] - 正在根据访客的经纬度，获取其当地所在的派出所中。。。
2025-12-12 18:29:18,674 [123309203130048] - 成功获取到访客所处于的派出所，其部分数据为：
                     0            1                   2       3   4        5        6           7    8    9
0  2025-12-12 11:33:44  18260327386       hl0o7de3w.vip    博彩诈骗  紧急  1000515  1051569  2025-12-12    0  NaN
1  2025-12-12 11:39:36  13862153018         gandina.com  色情博彩引流  中危  1000512  1051208  2025-12-12    0  NaN
2  2025-12-12 11:38:22  15161884575  kingtyodeddawg.xyz    防封系统  低危  1000514  1051471  2025-12-12    0  NaN
3  2025-12-12 11:33:31  18261840051        wo1lc182.vip    招嫖诈骗  低危  1000516  1051634  2025-12-12   46  NaN
4  2025-12-12 11:30:22  13461547701        wo1lc182.vip    招嫖诈骗  低危  1000512  1051203  2025-12-12  293  NaN
2025-12-12 18:29:18,674 [123309203130048] - 正在导出结果文件中。。。
2025-12-12 18:29:18,674 [123309203130048] - 在导出结果文件时出现：cannot access local variable 'output_path' where it is not associated with a value！！！
2025-12-12 18:29:18,675 [123309213615808] - 文件处理失败，暂不删除: /data/output/zhga_szwz_host_real_data/host_real_data_20251212114001.csv
2025-12-12 18:29:23,506 [123309213615808] - 现在的时间为：2025-12-12 18:29:23.506034
2025-12-12 18:29:23,506 [123309213615808] - 正在等待新增文件中。。。
2025-12-12 18:29:23,507 [123309203130048] - 正在读取数据中，其路径为：/data/output/zhga_szwz_host_real_data/host_real_data_20251212114001.csv
2025-12-12 18:29:23,508 [123309213615808] - [发现] 新增 1 个有效文件对，已提交处理
2025-12-12 18:29:23,536 [123309203130048] - 数据读取成功，部分数据为：
                     0            1                   2       3   4        5        6           7    8    9
0  2025-12-12 11:33:44  18260327386       hl0o7de3w.vip    博彩诈骗  紧急  1000515  1051569  2025-12-12    0  NaN
1  2025-12-12 11:39:36  13862153018         gandina.com  色情博彩引流  中危  1000512  1051208  2025-12-12    0  NaN
2  2025-12-12 11:38:22  15161884575  kingtyodeddawg.xyz    防封系统  低危  1000514  1051471  2025-12-12    0  NaN
3  2025-12-12 11:33:31  18261840051        wo1lc182.vip    招嫖诈骗  低危  1000516  1051634  2025-12-12   46  NaN
4  2025-12-12 11:30:22  13461547701        wo1lc182.vip    招嫖诈骗  低危  1000512  1051203  2025-12-12  293  NaN
2025-12-12 18:29:23,537 [123309203130048] - 正在从数据库中拉取地点：jiangning  基础日期：20251212 的数据中。。。
2025-12-12 18:29:23,537 [123309203130048] - 从数据库中获取访客历史数据完成。。。
2025-12-12 18:29:23,537 [123309203130048] - 正在对访客进行特征提取中。。。
2025-12-12 18:29:23,651 [123309203130048] - 在对访客进行特征提取时出现"['地点'] not in index"！！！
2025-12-12 18:29:23,652 [123309203130048] - 正在根据历史数据对访客进行分析中。。。
2025-12-12 18:29:23,652 [123309203130048] - 在根据历史数据对访客进行分级时出现'区县'！！！
2025-12-12 18:29:23,652 [123309203130048] - 正在提取网信安数据中。。。
2025-12-12 18:29:23,652 [123309203130048] - 在提取网信安数据时出现'手机号'！！！
2025-12-12 18:29:23,652 [123309203130048] - 正在根据实时数据对访客进行分级中。。。
2025-12-12 18:29:23,653 [123309203130048] - 在根据实时数据对访客进行分级时出现：cannot access local variable 'df_anj_dic' where it is not associated with a value！！！
2025-12-12 18:29:23,653 [123309203130048] - 正在根据历史访客数据分级结果 和 实时访客数据分级结果 进行分级中。。。 
2025-12-12 18:29:23,653 [123309203130048] - fff
2025-12-12 18:29:23,653 [123309203130048] - 正在根据访客的经纬度，获取其当地所在的派出所中。。。
2025-12-12 18:29:23,662 [123309203130048] - 成功获取到访客所处于的派出所，其部分数据为：
                     0            1                   2       3   4        5        6           7    8    9
0  2025-12-12 11:33:44  18260327386       hl0o7de3w.vip    博彩诈骗  紧急  1000515  1051569  2025-12-12    0  NaN
1  2025-12-12 11:39:36  13862153018         gandina.com  色情博彩引流  中危  1000512  1051208  2025-12-12    0  NaN
2  2025-12-12 11:38:22  15161884575  kingtyodeddawg.xyz    防封系统  低危  1000514  1051471  2025-12-12    0  NaN
3  2025-12-12 11:33:31  18261840051        wo1lc182.vip    招嫖诈骗  低危  1000516  1051634  2025-12-12   46  NaN
4  2025-12-12 11:30:22  13461547701        wo1lc182.vip    招嫖诈骗  低危  1000512  1051203  2025-12-12  293  NaN
2025-12-12 18:29:23,663 [123309203130048] - 正在导出结果文件中。。。
2025-12-12 18:29:23,663 [123309203130048] - 在导出结果文件时出现：cannot access local variable 'output_path' where it is not associated with a value！！！
2025-12-12 18:29:23,663 [123309213615808] - 文件处理失败，暂不删除: /data/output/zhga_szwz_host_real_data/host_real_data_20251212114001.csv
2025-12-12 18:29:28,506 [123309213615808] - 现在的时间为：2025-12-12 18:29:28.506018
2025-12-12 18:29:28,506 [123309213615808] - 正在等待新增文件中。。。
2025-12-12 18:29:28,507 [123309203130048] - 正在读取数据中，其路径为：/data/output/zhga_szwz_host_real_data/host_real_data_20251212114001.csv
2025-12-12 18:29:28,508 [123309213615808] - [发现] 新增 1 个有效文件对，已提交处理
2025-12-12 18:29:28,534 [123309203130048] - 数据读取成功，部分数据为：
                     0            1                   2       3   4        5        6           7    8    9
0  2025-12-12 11:33:44  18260327386       hl0o7de3w.vip    博彩诈骗  紧急  1000515  1051569  2025-12-12    0  NaN
1  2025-12-12 11:39:36  13862153018         gandina.com  色情博彩引流  中危  1000512  1051208  2025-12-12    0  NaN
2  2025-12-12 11:38:22  15161884575  kingtyodeddawg.xyz    防封系统  低危  1000514  1051471  2025-12-12    0  NaN
3  2025-12-12 11:33:31  18261840051        wo1lc182.vip    招嫖诈骗  低危  1000516  1051634  2025-12-12   46  NaN
4  2025-12-12 11:30:22  13461547701        wo1lc182.vip    招嫖诈骗  低危  1000512  1051203  2025-12-12  293  NaN
2025-12-12 18:29:28,534 [123309203130048] - 正在从数据库中拉取地点：jiangning  基础日期：20251212 的数据中。。。
2025-12-12 18:29:28,534 [123309203130048] - 从数据库中获取访客历史数据完成。。。
2025-12-12 18:29:28,534 [123309203130048] - 正在对访客进行特征提取中。。。
2025-12-12 18:29:28,657 [123309203130048] - 在对访客进行特征提取时出现"['地点'] not in index"！！！
2025-12-12 18:29:28,657 [123309203130048] - 正在根据历史数据对访客进行分析中。。。
2025-12-12 18:29:28,658 [123309203130048] - 在根据历史数据对访客进行分级时出现'区县'！！！
2025-12-12 18:29:28,658 [123309203130048] - 正在提取网信安数据中。。。
2025-12-12 18:29:28,658 [123309203130048] - 在提取网信安数据时出现'手机号'！！！
2025-12-12 18:29:28,658 [123309203130048] - 正在根据实时数据对访客进行分级中。。。
2025-12-12 18:29:28,658 [123309203130048] - 在根据实时数据对访客进行分级时出现：cannot access local variable 'df_anj_dic' where it is not associated with a value！！！
2025-12-12 18:29:28,658 [123309203130048] - 正在根据历史访客数据分级结果 和 实时访客数据分级结果 进行分级中。。。 
2025-12-12 18:29:28,658 [123309203130048] - fff
2025-12-12 18:29:28,659 [123309203130048] - 正在根据访客的经纬度，获取其当地所在的派出所中。。。
2025-12-12 18:29:28,668 [123309203130048] - 成功获取到访客所处于的派出所，其部分数据为：
                     0            1                   2       3   4        5        6           7    8    9
0  2025-12-12 11:33:44  18260327386       hl0o7de3w.vip    博彩诈骗  紧急  1000515  1051569  2025-12-12    0  NaN
1  2025-12-12 11:39:36  13862153018         gandina.com  色情博彩引流  中危  1000512  1051208  2025-12-12    0  NaN
2  2025-12-12 11:38:22  15161884575  kingtyodeddawg.xyz    防封系统  低危  1000514  1051471  2025-12-12    0  NaN
3  2025-12-12 11:33:31  18261840051        wo1lc182.vip    招嫖诈骗  低危  1000516  1051634  2025-12-12   46  NaN
4  2025-12-12 11:30:22  13461547701        wo1lc182.vip    招嫖诈骗  低危  1000512  1051203  2025-12-12  293  NaN
2025-12-12 18:29:28,669 [123309203130048] - 正在导出结果文件中。。。
2025-12-12 18:29:28,669 [123309203130048] - 在导出结果文件时出现：cannot access local variable 'output_path' where it is not associated with a value！！！
2025-12-12 18:29:28,669 [123309213615808] - 文件处理失败，暂不删除: /data/output/zhga_szwz_host_real_data/host_real_data_20251212114001.csv
2025-12-12 18:29:33,506 [123309213615808] - 现在的时间为：2025-12-12 18:29:33.505955
2025-12-12 18:29:33,506 [123309213615808] - 正在等待新增文件中。。。
2025-12-12 18:29:33,507 [123309203130048] - 正在读取数据中，其路径为：/data/output/zhga_szwz_host_real_data/host_real_data_20251212114001.csv
2025-12-12 18:29:33,507 [123309213615808] - [发现] 新增 1 个有效文件对，已提交处理
2025-12-12 18:29:33,536 [123309203130048] - 数据读取成功，部分数据为：
                     0            1                   2       3   4        5        6           7    8    9
0  2025-12-12 11:33:44  18260327386       hl0o7de3w.vip    博彩诈骗  紧急  1000515  1051569  2025-12-12    0  NaN
1  2025-12-12 11:39:36  13862153018         gandina.com  色情博彩引流  中危  1000512  1051208  2025-12-12    0  NaN
2  2025-12-12 11:38:22  15161884575  kingtyodeddawg.xyz    防封系统  低危  1000514  1051471  2025-12-12    0  NaN
3  2025-12-12 11:33:31  18261840051        wo1lc182.vip    招嫖诈骗  低危  1000516  1051634  2025-12-12   46  NaN
4  2025-12-12 11:30:22  13461547701        wo1lc182.vip    招嫖诈骗  低危  1000512  1051203  2025-12-12  293  NaN
2025-12-12 18:29:33,537 [123309203130048] - 正在从数据库中拉取地点：jiangning  基础日期：20251212 的数据中。。。
2025-12-12 18:29:33,537 [123309203130048] - 从数据库中获取访客历史数据完成。。。
2025-12-12 18:29:33,537 [123309203130048] - 正在对访客进行特征提取中。。。
2025-12-12 18:29:33,717 [123309203130048] - 在对访客进行特征提取时出现"['地点'] not in index"！！！
2025-12-12 18:29:33,717 [123309203130048] - 正在根据历史数据对访客进行分析中。。。
2025-12-12 18:29:33,717 [123309203130048] - 在根据历史数据对访客进行分级时出现'区县'！！！
2025-12-12 18:29:33,718 [123309203130048] - 正在提取网信安数据中。。。
2025-12-12 18:29:33,718 [123309203130048] - 在提取网信安数据时出现'手机号'！！！
2025-12-12 18:29:33,718 [123309203130048] - 正在根据实时数据对访客进行分级中。。。
2025-12-12 18:29:33,718 [123309203130048] - 在根据实时数据对访客进行分级时出现：cannot access local variable 'df_anj_dic' where it is not associated with a value！！！
2025-12-12 18:29:33,718 [123309203130048] - 正在根据历史访客数据分级结果 和 实时访客数据分级结果 进行分级中。。。 
2025-12-12 18:29:33,718 [123309203130048] - fff
2025-12-12 18:29:33,718 [123309203130048] - 正在根据访客的经纬度，获取其当地所在的派出所中。。。
2025-12-12 18:29:33,728 [123309203130048] - 成功获取到访客所处于的派出所，其部分数据为：
                     0            1                   2       3   4        5        6           7    8    9
0  2025-12-12 11:33:44  18260327386       hl0o7de3w.vip    博彩诈骗  紧急  1000515  1051569  2025-12-12    0  NaN
1  2025-12-12 11:39:36  13862153018         gandina.com  色情博彩引流  中危  1000512  1051208  2025-12-12    0  NaN
2  2025-12-12 11:38:22  15161884575  kingtyodeddawg.xyz    防封系统  低危  1000514  1051471  2025-12-12    0  NaN
3  2025-12-12 11:33:31  18261840051        wo1lc182.vip    招嫖诈骗  低危  1000516  1051634  2025-12-12   46  NaN
4  2025-12-12 11:30:22  13461547701        wo1lc182.vip    招嫖诈骗  低危  1000512  1051203  2025-12-12  293  NaN
2025-12-12 18:29:33,728 [123309203130048] - 正在导出结果文件中。。。
2025-12-12 18:29:33,728 [123309203130048] - 在导出结果文件时出现：cannot access local variable 'output_path' where it is not associated with a value！！！
2025-12-12 18:29:33,729 [123309213615808] - 文件处理失败，暂不删除: /data/output/zhga_szwz_host_real_data/host_real_data_20251212114001.csv
2025-12-12 18:29:38,506 [123309213615808] - 现在的时间为：2025-12-12 18:29:38.506027
2025-12-12 18:29:38,506 [123309213615808] - 正在等待新增文件中。。。
2025-12-12 18:29:38,507 [123309203130048] - 正在读取数据中，其路径为：/data/output/zhga_szwz_host_real_data/host_real_data_20251212114001.csv
2025-12-12 18:29:38,508 [123309213615808] - [发现] 新增 1 个有效文件对，已提交处理
2025-12-12 18:29:38,536 [123309203130048] - 数据读取成功，部分数据为：
                     0            1                   2       3   4        5        6           7    8    9
0  2025-12-12 11:33:44  18260327386       hl0o7de3w.vip    博彩诈骗  紧急  1000515  1051569  2025-12-12    0  NaN
1  2025-12-12 11:39:36  13862153018         gandina.com  色情博彩引流  中危  1000512  1051208  2025-12-12    0  NaN
2  2025-12-12 11:38:22  15161884575  kingtyodeddawg.xyz    防封系统  低危  1000514  1051471  2025-12-12    0  NaN
3  2025-12-12 11:33:31  18261840051        wo1lc182.vip    招嫖诈骗  低危  1000516  1051634  2025-12-12   46  NaN
4  2025-12-12 11:30:22  13461547701        wo1lc182.vip    招嫖诈骗  低危  1000512  1051203  2025-12-12  293  NaN
2025-12-12 18:29:38,537 [123309203130048] - 正在从数据库中拉取地点：jiangning  基础日期：20251212 的数据中。。。
2025-12-12 18:29:38,537 [123309203130048] - 从数据库中获取访客历史数据完成。。。
2025-12-12 18:29:38,537 [123309203130048] - 正在对访客进行特征提取中。。。
2025-12-12 18:29:38,649 [123309203130048] - 在对访客进行特征提取时出现"['地点'] not in index"！！！
2025-12-12 18:29:38,650 [123309203130048] - 正在根据历史数据对访客进行分析中。。。
2025-12-12 18:29:38,650 [123309203130048] - 在根据历史数据对访客进行分级时出现'区县'！！！
2025-12-12 18:29:38,650 [123309203130048] - 正在提取网信安数据中。。。
2025-12-12 18:29:38,651 [123309203130048] - 在提取网信安数据时出现'手机号'！！！
2025-12-12 18:29:38,651 [123309203130048] - 正在根据实时数据对访客进行分级中。。。
2025-12-12 18:29:38,651 [123309203130048] - 在根据实时数据对访客进行分级时出现：cannot access local variable 'df_anj_dic' where it is not associated with a value！！！
2025-12-12 18:29:38,651 [123309203130048] - 正在根据历史访客数据分级结果 和 实时访客数据分级结果 进行分级中。。。 
2025-12-12 18:29:38,651 [123309203130048] - fff
2025-12-12 18:29:38,651 [123309203130048] - 正在根据访客的经纬度，获取其当地所在的派出所中。。。
2025-12-12 18:29:38,661 [123309203130048] - 成功获取到访客所处于的派出所，其部分数据为：
                     0            1                   2       3   4        5        6           7    8    9
0  2025-12-12 11:33:44  18260327386       hl0o7de3w.vip    博彩诈骗  紧急  1000515  1051569  2025-12-12    0  NaN
1  2025-12-12 11:39:36  13862153018         gandina.com  色情博彩引流  中危  1000512  1051208  2025-12-12    0  NaN
2  2025-12-12 11:38:22  15161884575  kingtyodeddawg.xyz    防封系统  低危  1000514  1051471  2025-12-12    0  NaN
3  2025-12-12 11:33:31  18261840051        wo1lc182.vip    招嫖诈骗  低危  1000516  1051634  2025-12-12   46  NaN
4  2025-12-12 11:30:22  13461547701        wo1lc182.vip    招嫖诈骗  低危  1000512  1051203  2025-12-12  293  NaN
2025-12-12 18:29:38,661 [123309203130048] - 正在导出结果文件中。。。
2025-12-12 18:29:38,661 [123309203130048] - 在导出结果文件时出现：cannot access local variable 'output_path' where it is not associated with a value！！！
2025-12-12 18:29:38,661 [123309213615808] - 文件处理失败，暂不删除: /data/output/zhga_szwz_host_real_data/host_real_data_20251212114001.csv
2025-12-12 18:29:43,506 [123309213615808] - 现在的时间为：2025-12-12 18:29:43.505942
2025-12-12 18:29:43,506 [123309213615808] - 正在等待新增文件中。。。
2025-12-12 18:29:43,507 [123309203130048] - 正在读取数据中，其路径为：/data/output/zhga_szwz_host_real_data/host_real_data_20251212114001.csv
2025-12-12 18:29:43,507 [123309213615808] - [发现] 新增 1 个有效文件对，已提交处理
2025-12-12 18:29:43,536 [123309203130048] - 数据读取成功，部分数据为：
                     0            1                   2       3   4        5        6           7    8    9
0  2025-12-12 11:33:44  18260327386       hl0o7de3w.vip    博彩诈骗  紧急  1000515  1051569  2025-12-12    0  NaN
1  2025-12-12 11:39:36  13862153018         gandina.com  色情博彩引流  中危  1000512  1051208  2025-12-12    0  NaN
2  2025-12-12 11:38:22  15161884575  kingtyodeddawg.xyz    防封系统  低危  1000514  1051471  2025-12-12    0  NaN
3  2025-12-12 11:33:31  18261840051        wo1lc182.vip    招嫖诈骗  低危  1000516  1051634  2025-12-12   46  NaN
4  2025-12-12 11:30:22  13461547701        wo1lc182.vip    招嫖诈骗  低危  1000512  1051203  2025-12-12  293  NaN
2025-12-12 18:29:43,536 [123309203130048] - 正在从数据库中拉取地点：jiangning  基础日期：20251212 的数据中。。。
2025-12-12 18:29:43,536 [123309203130048] - 从数据库中获取访客历史数据完成。。。
2025-12-12 18:29:43,536 [123309203130048] - 正在对访客进行特征提取中。。。
2025-12-12 18:29:43,649 [123309203130048] - 在对访客进行特征提取时出现"['地点'] not in index"！！！
2025-12-12 18:29:43,649 [123309203130048] - 正在根据历史数据对访客进行分析中。。。
2025-12-12 18:29:43,650 [123309203130048] - 在根据历史数据对访客进行分级时出现'区县'！！！
2025-12-12 18:29:43,650 [123309203130048] - 正在提取网信安数据中。。。
2025-12-12 18:29:43,650 [123309203130048] - 在提取网信安数据时出现'手机号'！！！
2025-12-12 18:29:43,650 [123309203130048] - 正在根据实时数据对访客进行分级中。。。
2025-12-12 18:29:43,650 [123309203130048] - 在根据实时数据对访客进行分级时出现：cannot access local variable 'df_anj_dic' where it is not associated with a value！！！
2025-12-12 18:29:43,650 [123309203130048] - 正在根据历史访客数据分级结果 和 实时访客数据分级结果 进行分级中。。。 
2025-12-12 18:29:43,650 [123309203130048] - fff
2025-12-12 18:29:43,651 [123309203130048] - 正在根据访客的经纬度，获取其当地所在的派出所中。。。
2025-12-12 18:29:43,667 [123309203130048] - 成功获取到访客所处于的派出所，其部分数据为：
                     0            1                   2       3   4        5        6           7    8    9
0  2025-12-12 11:33:44  18260327386       hl0o7de3w.vip    博彩诈骗  紧急  1000515  1051569  2025-12-12    0  NaN
1  2025-12-12 11:39:36  13862153018         gandina.com  色情博彩引流  中危  1000512  1051208  2025-12-12    0  NaN
2  2025-12-12 11:38:22  15161884575  kingtyodeddawg.xyz    防封系统  低危  1000514  1051471  2025-12-12    0  NaN
3  2025-12-12 11:33:31  18261840051        wo1lc182.vip    招嫖诈骗  低危  1000516  1051634  2025-12-12   46  NaN
4  2025-12-12 11:30:22  13461547701        wo1lc182.vip    招嫖诈骗  低危  1000512  1051203  2025-12-12  293  NaN
2025-12-12 18:29:43,667 [123309203130048] - 正在导出结果文件中。。。
2025-12-12 18:29:43,668 [123309203130048] - 在导出结果文件时出现：cannot access local variable 'output_path' where it is not associated with a value！！！
2025-12-12 18:29:43,668 [123309213615808] - 文件处理失败，暂不删除: /data/output/zhga_szwz_host_real_data/host_real_data_20251212114001.csv
